TN:
SF:lib/src/errors.dart
FNF:0
FNH:0
DA:7,1
DA:9,1
DA:10,1
DA:11,1
DA:14,0
DA:15,0
DA:22,1
DA:24,1
DA:25,1
DA:26,1
DA:29,0
DA:30,0
LF:12
LH:8
end_of_record
TN:
SF:lib/src/extended_context.dart
FNF:0
FNH:0
DA:4,2
LF:1
LH:1
end_of_record
TN:
SF:lib/src/navigation_2_helpers.dart
FNF:0
FNH:0
DA:12,0
DA:38,0
DA:40,0
DA:42,0
DA:43,0
DA:44,0
DA:45,0
DA:46,0
DA:47,0
DA:48,0
DA:49,0
DA:50,0
DA:51,0
DA:52,0
DA:53,0
DA:54,0
DA:55,0
DA:56,0
DA:57,0
DA:58,0
DA:59,0
DA:60,0
DA:61,0
DA:62,0
DA:63,0
DA:64,0
DA:65,0
DA:66,0
DA:67,0
DA:427,12
DA:435,12
DA:437,12
DA:439,12
DA:440,12
DA:441,12
DA:442,12
DA:443,12
DA:444,12
DA:445,12
DA:446,12
DA:463,12
DA:470,0
DA:472,12
DA:474,12
DA:475,12
DA:476,12
DA:477,12
DA:478,12
DA:479,12
DA:482,0
DA:483,0
DA:486,0
DA:487,0
DA:492,0
DA:495,0
DA:496,0
DA:497,0
LF:57
LH:19
end_of_record
TN:
SF:lib/src/page.dart
FNF:0
FNH:0
DA:48,0
DA:57,0
DA:59,11
DA:69,11
DA:70,0
DA:78,11
DA:128,11
DA:135,11
DA:137,11
DA:140,11
DA:141,0
DA:143,0
DA:145,0
DA:150,0
DA:151,0
DA:153,22
DA:156,0
DA:158,0
DA:160,0
DA:166,0
DA:168,0
DA:173,11
DA:217,0
DA:224,0
DA:226,0
DA:229,0
DA:230,0
DA:232,0
DA:234,0
DA:239,0
DA:240,0
DA:242,0
DA:245,0
DA:247,0
DA:249,0
DA:255,0
DA:257,0
DA:262,0
DA:275,0
DA:280,0
DA:282,0
DA:283,0
DA:284,0
DA:287,0
DA:289,0
DA:290,0
DA:292,0
DA:293,0
DA:295,0
DA:296,0
DA:298,0
DA:301,0
DA:302,0
DA:304,0
DA:307,0
DA:308,0
DA:309,0
DA:310,0
DA:313,0
DA:319,0
DA:322,0
DA:325,0
LF:62
LH:9
end_of_record
TN:
SF:lib/src/redirector.dart
FNF:0
FNH:0
DA:11,12
DA:25,20
DA:66,5
DA:67,5
DA:70,5
DA:76,1
DA:81,1
DA:82,5
DA:89,1
DA:95,1
DA:96,5
DA:105,1
DA:110,1
DA:111,5
DA:120,0
DA:126,0
DA:127,0
DA:128,0
DA:139,0
DA:140,0
DA:141,0
DA:142,0
DA:148,1
DA:153,1
DA:154,2
DA:155,3
DA:156,1
DA:166,1
DA:171,1
DA:172,2
DA:173,3
DA:174,1
LF:32
LH:24
end_of_record
TN:
SF:lib/src/route.dart
FNF:0
FNH:0
DA:23,12
LF:1
LH:1
end_of_record
TN:
SF:lib/src/vroute_elements/vguard.dart
FNF:0
FNH:0
DA:15,1
DA:16,2
DA:19,1
DA:20,2
DA:23,1
DA:26,2
DA:31,1
DA:33,2
DA:36,1
DA:38,2
DA:44,2
DA:45,2
DA:47,2
DA:66,12
DA:70,2
DA:74,10
DA:81,12
DA:85,1
LF:18
LH:18
end_of_record
TN:
SF:lib/src/vroute_elements/vnester.dart
FNF:0
FNH:0
DA:141,2
DA:155,2
DA:156,2
DA:157,2
DA:158,2
DA:159,2
DA:160,2
DA:161,2
DA:162,2
DA:163,2
DA:164,2
DA:165,2
DA:166,2
DA:167,2
DA:168,2
DA:169,2
DA:170,2
LF:17
LH:17
end_of_record
TN:
SF:lib/src/vroute_elements/vnester_base.dart
FNF:0
FNH:0
DA:89,3
DA:99,3
DA:100,3
DA:101,3
DA:102,3
DA:103,3
DA:104,3
DA:105,3
DA:106,4
DA:109,2
DA:110,2
DA:111,2
LF:12
LH:12
end_of_record
TN:
SF:lib/src/vroute_elements/vnester_page.dart
FNF:0
FNH:0
DA:81,1
DA:93,1
DA:94,1
DA:95,1
DA:96,1
DA:97,1
DA:98,1
DA:99,1
DA:100,1
DA:101,1
DA:102,1
DA:103,1
DA:104,1
DA:105,1
DA:106,1
LF:15
LH:15
end_of_record
TN:
SF:lib/src/vroute_elements/vnester_page_base.dart
FNF:0
FNH:0
DA:22,4
DA:29,8
DA:35,3
DA:36,9
DA:42,3
DA:48,3
DA:49,3
DA:50,3
DA:51,3
DA:54,2
DA:58,6
DA:59,3
DA:75,5
DA:76,2
DA:85,3
DA:88,3
DA:89,2
DA:92,3
DA:93,3
DA:94,8
DA:97,3
DA:99,3
DA:100,6
DA:101,9
DA:102,3
DA:103,3
DA:108,1
DA:109,1
DA:110,1
DA:111,1
DA:113,2
DA:117,6
DA:118,3
DA:119,3
DA:120,3
DA:121,6
DA:122,3
DA:123,0
DA:124,0
DA:126,3
DA:127,6
DA:129,9
DA:130,2
DA:131,4
DA:132,4
DA:133,4
DA:139,0
DA:140,0
DA:141,0
DA:142,0
DA:154,3
DA:155,3
DA:156,3
DA:158,3
DA:159,3
DA:162,8
DA:164,3
DA:165,6
DA:166,6
DA:167,5
DA:171,2
DA:177,2
DA:180,4
DA:181,2
DA:182,2
DA:189,4
DA:190,1
DA:195,3
DA:196,1
DA:197,1
DA:204,2
DA:205,1
DA:212,2
DA:214,2
DA:215,2
DA:216,2
DA:217,2
DA:218,4
DA:225,4
DA:231,8
DA:232,2
DA:233,0
DA:237,2
DA:240,3
DA:246,3
DA:247,0
DA:248,0
DA:249,0
DA:251,0
DA:254,0
DA:255,0
DA:256,0
DA:257,0
DA:258,0
DA:259,0
DA:266,3
DA:269,6
DA:270,3
DA:275,3
DA:276,3
DA:278,3
DA:279,3
DA:280,3
DA:283,9
DA:286,0
DA:287,0
DA:288,0
DA:289,0
DA:290,0
DA:291,0
DA:293,0
DA:300,3
DA:301,3
DA:303,3
DA:307,2
DA:312,4
DA:313,2
DA:318,2
DA:319,2
DA:320,2
DA:322,2
DA:325,0
DA:332,2
DA:333,2
DA:334,2
DA:335,2
DA:336,6
DA:343,4
DA:349,0
LF:129
LH:103
end_of_record
TN:
SF:lib/src/vroute_elements/void_vguard.dart
FNF:0
FNH:0
DA:12,40
DA:15,36
DA:18,29
DA:23,40
DA:26,36
LF:5
LH:5
end_of_record
TN:
SF:lib/src/vroute_elements/void_vpop_handler.dart
FNF:0
FNH:0
DA:10,23
DA:13,20
LF:2
LH:2
end_of_record
TN:
SF:lib/src/vroute_elements/vpage.dart
FNF:0
FNH:0
DA:53,2
DA:64,2
DA:65,2
DA:66,2
DA:67,2
DA:68,2
DA:69,2
DA:70,2
DA:71,2
DA:72,2
DA:73,2
DA:74,2
DA:75,2
DA:76,2
LF:14
LH:14
end_of_record
TN:
SF:lib/src/vroute_elements/vpage_base.dart
FNF:0
FNH:0
DA:29,14
DA:36,10
DA:37,10
DA:39,8
LF:4
LH:4
end_of_record
TN:
SF:lib/src/vroute_elements/vpath.dart
FNF:0
FNH:0
DA:55,14
DA:62,56
DA:63,46
DA:64,28
DA:65,64
DA:68,14
DA:69,63
DA:70,28
DA:73,46
DA:74,8
DA:75,12
DA:76,12
DA:104,12
DA:113,12
DA:118,12
DA:119,12
DA:120,12
DA:121,12
DA:122,12
DA:125,12
DA:127,12
DA:128,0
DA:131,12
DA:132,12
DA:134,12
DA:135,12
DA:137,12
DA:138,12
DA:139,36
DA:144,38
DA:145,2
DA:146,2
DA:147,2
DA:148,4
DA:149,4
DA:150,4
DA:154,2
DA:156,2
DA:157,2
DA:160,2
DA:161,2
DA:163,2
DA:164,2
DA:166,2
DA:167,2
DA:168,6
DA:176,12
DA:178,0
DA:185,38
DA:186,2
DA:188,2
DA:200,12
DA:205,24
DA:206,12
DA:218,12
DA:222,12
DA:223,12
DA:224,14
DA:225,3
DA:226,6
DA:227,3
DA:228,3
DA:229,3
DA:243,12
DA:255,0
DA:258,12
DA:259,12
DA:262,24
DA:265,24
DA:266,36
DA:267,12
DA:268,20
DA:271,15
DA:273,12
DA:281,5
DA:283,5
DA:285,5
DA:288,0
DA:289,0
DA:290,0
DA:293,5
DA:295,10
DA:298,5
DA:301,15
DA:302,20
DA:303,5
DA:304,5
DA:305,5
DA:306,11
DA:310,5
DA:312,5
DA:319,2
DA:330,7
DA:337,7
DA:338,7
DA:340,7
DA:345,7
DA:346,7
DA:348,7
DA:349,7
DA:354,7
DA:355,21
DA:356,7
DA:357,4
DA:358,19
DA:361,14
DA:362,7
DA:365,7
DA:366,7
DA:368,7
DA:371,7
DA:377,24
DA:379,6
DA:381,6
DA:382,6
DA:385,3
DA:386,9
DA:387,3
DA:388,0
DA:389,7
DA:391,6
DA:392,3
DA:395,3
DA:396,3
DA:398,3
DA:401,3
DA:407,14
DA:409,18
DA:410,7
DA:411,7
DA:412,7
DA:414,2
DA:416,7
DA:417,7
DA:419,2
DA:420,2
DA:422,2
DA:423,2
DA:424,4
DA:425,6
DA:432,12
DA:436,4
DA:437,4
DA:438,4
DA:440,4
DA:441,4
DA:442,8
DA:444,4
DA:456,5
DA:458,5
DA:459,5
DA:460,5
DA:461,5
DA:462,12
DA:469,10
DA:475,20
DA:476,5
DA:477,1
DA:481,5
DA:487,10
DA:495,34
DA:497,10
DA:498,5
DA:499,4
DA:501,3
DA:502,3
DA:503,3
DA:504,0
DA:505,3
DA:516,20
DA:517,10
DA:518,24
DA:521,10
DA:522,10
DA:531,4
DA:536,4
DA:537,4
DA:538,12
DA:539,12
DA:543,9
DA:549,9
DA:550,0
DA:551,0
DA:552,0
DA:554,0
DA:555,0
DA:556,0
DA:557,0
DA:558,0
DA:559,0
DA:566,9
DA:569,9
DA:571,9
DA:572,9
DA:577,18
DA:578,9
DA:583,9
DA:584,9
DA:586,9
DA:587,8
DA:588,8
DA:591,24
DA:594,4
DA:595,4
DA:596,4
DA:597,4
DA:598,4
DA:599,8
DA:601,4
DA:608,8
DA:609,8
DA:611,8
DA:615,4
DA:620,14
DA:621,3
DA:623,6
DA:624,6
DA:630,6
DA:631,3
DA:636,3
DA:637,3
DA:639,2
DA:640,2
DA:641,2
DA:644,6
DA:647,0
DA:648,0
DA:649,0
DA:650,0
DA:651,0
DA:652,0
DA:654,0
DA:661,3
DA:662,3
DA:664,3
DA:668,2
DA:676,4
DA:677,4
DA:678,4
DA:679,4
DA:680,15
DA:687,8
DA:692,3
DA:702,12
DA:703,24
DA:704,11
DA:706,18
DA:707,6
DA:708,4
DA:737,10
DA:744,5
LF:251
LH:227
end_of_record
TN:
SF:lib/src/vroute_elements/vpop_handler.dart
FNF:0
FNH:0
DA:7,2
DA:17,4
DA:19,1
DA:20,2
DA:23,1
DA:24,2
DA:29,7
DA:33,6
LF:8
LH:8
end_of_record
TN:
SF:lib/src/vroute_elements/vroute_element.dart
FNF:0
FNH:0
DA:185,9
DA:196,0
DA:204,4
DA:208,1
DA:211,1
DA:212,1
DA:213,1
DA:214,2
DA:215,2
DA:226,6
DA:233,1
DA:234,1
DA:236,0
DA:237,0
DA:243,7
DA:245,3
DA:251,1
DA:253,2
DA:254,1
DA:263,0
DA:264,0
DA:266,0
DA:267,0
DA:274,5
DA:277,1
DA:278,3
DA:285,2
DA:288,1
DA:289,3
DA:296,7
DA:298,1
DA:299,1
DA:300,1
DA:301,1
DA:302,5
DA:328,12
DA:336,36
DA:339,36
DA:342,36
DA:364,12
DA:373,8
DA:374,8
DA:375,12
DA:377,8
DA:382,1
DA:386,2
DA:391,1
DA:392,0
DA:393,0
DA:400,1
DA:401,1
DA:402,1
DA:435,12
DA:447,12
DA:449,0
DA:450,0
LF:56
LH:45
end_of_record
TN:
SF:lib/src/vroute_elements/vroute_element_single_subroute.dart
FNF:0
FNH:0
DA:11,80
DA:15,19
DA:37,25
DA:42,50
DA:43,25
DA:48,25
DA:49,25
DA:52,25
DA:54,25
DA:55,25
DA:56,75
DA:69,21
DA:75,21
DA:78,41
DA:79,20
DA:80,20
DA:87,40
DA:88,18
DA:95,16
DA:97,16
DA:98,16
DA:99,10
DA:100,10
DA:101,25
DA:108,32
DA:114,52
DA:115,16
DA:116,2
DA:120,16
DA:128,29
DA:134,29
DA:135,9
DA:136,9
DA:137,9
DA:139,9
DA:142,3
DA:143,3
DA:144,3
DA:145,3
DA:146,6
DA:147,3
DA:154,29
DA:157,58
DA:158,29
DA:163,29
DA:164,46
DA:166,12
DA:167,12
DA:168,12
DA:171,36
DA:174,0
DA:175,0
DA:176,0
DA:177,0
DA:178,0
DA:179,0
DA:181,0
DA:188,25
DA:189,25
DA:191,25
DA:195,10
DA:202,10
DA:203,10
DA:204,10
DA:205,10
DA:206,34
DA:213,20
DA:219,6
LF:68
LH:61
end_of_record
TN:
SF:lib/src/vroute_elements/vroute_element_with_page.dart
FNF:0
FNH:0
DA:23,12
DA:29,12
DA:30,12
DA:31,12
DA:32,12
DA:35,12
DA:38,24
DA:39,12
DA:48,36
DA:53,12
DA:56,12
DA:60,24
DA:62,12
DA:64,12
DA:65,24
DA:66,36
DA:67,12
DA:68,12
DA:73,1
DA:74,1
DA:75,1
DA:76,1
DA:78,2
DA:82,12
DA:85,12
DA:86,12
DA:87,12
DA:89,12
DA:90,12
DA:93,36
DA:96,48
LF:31
LH:31
end_of_record
TN:
SF:lib/src/vroute_elements/vroute_redirector.dart
FNF:0
FNH:0
DA:14,1
DA:20,1
DA:21,2
DA:23,1
DA:24,1
DA:25,3
LF:6
LH:6
end_of_record
TN:
SF:lib/src/vroute_elements/vwidget.dart
FNF:0
FNH:0
DA:80,13
DA:93,13
DA:94,13
DA:95,13
DA:96,13
DA:97,13
DA:98,13
DA:99,13
DA:100,13
DA:101,13
DA:102,13
DA:103,13
DA:104,13
DA:105,13
DA:106,13
DA:107,13
LF:16
LH:16
end_of_record
TN:
SF:lib/src/vroute_elements/vwidget_base.dart
FNF:0
FNH:0
DA:39,13
DA:48,13
DA:49,13
DA:50,13
DA:51,22
DA:54,11
DA:55,11
DA:56,11
DA:58,13
DA:59,13
DA:60,13
LF:11
LH:11
end_of_record
TN:
SF:lib/src/vrouter/local_vrouter_data.dart
FNF:0
FNH:0
DA:18,12
DA:30,12
DA:35,11
DA:37,33
DA:38,3
DA:39,0
DA:40,0
DA:41,0
DA:91,9
DA:96,27
DA:114,3
DA:120,9
DA:140,0
DA:145,0
DA:164,0
DA:170,0
DA:179,0
DA:180,0
DA:181,0
DA:193,4
DA:198,12
DA:199,8
DA:215,3
DA:220,9
DA:221,6
DA:228,0
DA:229,0
DA:230,0
DA:232,0
DA:234,0
DA:236,0
LF:31
LH:15
end_of_record
TN:
SF:lib/src/vrouter/root_vrouter_data.dart
FNF:0
FNH:0
DA:9,12
DA:19,12
DA:24,12
DA:26,36
DA:27,3
DA:28,0
DA:29,0
DA:30,0
DA:60,0
DA:61,0
DA:67,0
DA:68,0
DA:73,11
DA:75,33
DA:78,9
DA:83,18
DA:87,4
DA:93,8
DA:99,1
DA:104,2
DA:108,0
DA:114,0
DA:120,0
DA:121,0
DA:124,0
DA:129,0
DA:130,0
DA:137,0
DA:142,0
DA:143,0
DA:150,5
DA:156,10
DA:158,5
DA:159,5
DA:161,5
DA:168,4
DA:174,8
DA:176,4
DA:177,4
DA:179,4
DA:186,0
DA:187,0
DA:189,12
DA:191,12
DA:193,0
LF:45
LH:25
end_of_record
TN:
SF:lib/src/vrouter/vrouter.dart
FNF:0
FNH:0
DA:4,14
DA:41,12
DA:42,24
DA:45,11
DA:50,22
DA:56,12
DA:58,24
DA:61,7
DA:62,14
DA:65,6
DA:66,12
DA:74,14
DA:121,14
DA:123,12
DA:124,12
DA:456,9
DA:460,9
DA:466,0
DA:472,0
DA:480,14
DA:481,14
DA:483,12
DA:487,12
DA:526,24
DA:527,12
DA:528,12
DA:529,24
DA:530,24
DA:536,12
DA:537,12
DA:538,12
DA:563,12
DA:566,12
DA:569,36
DA:570,0
DA:574,24
DA:576,36
DA:578,0
DA:579,15
DA:580,15
DA:590,0
DA:593,12
DA:596,12
DA:598,12
DA:599,12
DA:600,24
DA:603,0
DA:604,0
DA:605,12
DA:610,12
DA:612,0
DA:616,36
DA:619,0
DA:622,24
DA:623,48
DA:629,24
DA:630,12
DA:633,24
DA:638,12
DA:639,12
DA:640,12
DA:641,12
DA:642,24
DA:643,12
DA:644,24
DA:649,12
DA:650,1
DA:651,2
DA:652,0
DA:653,2
DA:657,12
DA:659,12
DA:660,12
DA:661,12
DA:662,12
DA:663,12
DA:664,12
DA:665,12
DA:666,12
DA:668,12
DA:669,36
DA:670,24
DA:671,12
DA:672,24
DA:674,12
DA:675,48
DA:676,12
DA:677,0
DA:678,0
DA:679,0
DA:680,0
DA:684,0
DA:685,0
DA:686,0
DA:687,0
DA:693,24
DA:698,24
DA:699,24
DA:700,24
DA:701,24
DA:702,24
DA:703,24
DA:704,24
DA:705,24
DA:706,24
DA:707,24
DA:708,24
DA:709,24
DA:710,24
DA:711,24
DA:712,24
DA:713,24
DA:714,24
DA:715,24
DA:716,24
DA:717,24
DA:718,24
DA:725,12
DA:733,12
DA:736,24
DA:737,12
DA:740,12
DA:743,24
DA:746,12
DA:749,25
DA:750,2
DA:754,6
DA:763,15
DA:766,12
DA:769,12
DA:773,6
DA:777,5
DA:780,5
DA:781,6
DA:785,10
DA:788,5
DA:809,12
DA:819,0
DA:822,12
DA:826,12
DA:829,12
DA:830,12
DA:831,24
DA:833,12
DA:834,12
DA:837,12
DA:838,3
DA:842,12
DA:843,1
DA:847,48
DA:857,0
DA:858,0
DA:859,0
DA:860,0
DA:861,0
DA:864,24
DA:865,12
DA:866,12
DA:869,12
DA:871,12
DA:873,12
DA:879,1
DA:883,24
DA:885,12
DA:886,12
DA:887,36
DA:888,48
DA:890,12
DA:891,12
DA:892,24
DA:895,10
DA:896,10
DA:900,0
DA:901,12
DA:902,12
DA:903,24
DA:904,48
DA:905,12
DA:907,12
DA:910,12
DA:911,13
DA:912,2
DA:913,12
DA:914,12
DA:915,13
DA:916,2
DA:917,12
DA:920,12
DA:921,0
DA:922,0
DA:926,12
DA:927,12
DA:928,12
DA:929,12
DA:930,12
DA:931,12
DA:932,12
DA:933,24
DA:934,12
DA:936,12
DA:937,12
DA:939,12
DA:940,12
DA:942,12
DA:945,12
DA:946,12
DA:950,12
DA:952,12
DA:953,4
DA:954,1
DA:955,2
DA:957,1
DA:961,1
DA:962,0
DA:963,0
DA:964,0
DA:970,20
DA:971,18
DA:972,9
DA:973,2
DA:975,1
DA:978,1
DA:979,0
DA:980,0
DA:986,33
DA:987,11
DA:988,2
DA:990,1
DA:993,4
DA:1000,36
DA:1001,12
DA:1002,0
DA:1004,0
DA:1007,0
DA:1012,24
DA:1013,24
DA:1014,12
DA:1015,4
DA:1017,2
DA:1020,5
DA:1021,1
DA:1022,2
DA:1028,13
DA:1029,4
DA:1030,1
DA:1031,2
DA:1033,1
DA:1037,1
DA:1038,0
DA:1039,0
DA:1040,0
DA:1046,24
DA:1047,24
DA:1048,12
DA:1049,2
DA:1051,1
DA:1055,1
DA:1056,0
DA:1057,0
DA:1063,12
DA:1065,12
DA:1067,0
DA:1079,0
DA:1080,0
DA:1081,0
DA:1082,0
DA:1083,0
DA:1086,0
DA:1088,0
DA:1091,0
DA:1092,0
DA:1093,0
DA:1094,0
DA:1095,0
DA:1102,0
DA:1103,0
DA:1108,12
DA:1111,0
DA:1112,0
DA:1113,0
DA:1114,0
DA:1115,0
DA:1116,0
DA:1117,0
DA:1120,0
DA:1121,0
DA:1122,0
DA:1124,0
DA:1130,12
DA:1131,48
DA:1133,24
DA:1134,12
DA:1136,12
DA:1139,0
DA:1145,36
DA:1150,24
DA:1151,12
DA:1152,12
DA:1155,12
DA:1160,48
DA:1163,13
DA:1164,3
DA:1165,1
DA:1167,1
DA:1172,24
DA:1173,12
DA:1174,12
DA:1177,12
DA:1192,4
DA:1203,0
DA:1204,0
DA:1205,0
DA:1206,0
DA:1207,0
DA:1209,0
DA:1219,8
DA:1225,8
DA:1228,8
DA:1235,7
DA:1237,7
DA:1240,7
DA:1241,7
DA:1242,0
DA:1243,7
DA:1246,7
DA:1247,0
DA:1248,0
DA:1249,0
DA:1250,0
DA:1251,0
DA:1252,0
DA:1258,14
DA:1259,14
DA:1260,7
DA:1261,1
DA:1262,0
DA:1263,0
DA:1269,21
DA:1270,7
DA:1271,0
DA:1272,0
DA:1273,0
DA:1278,7
DA:1279,14
DA:1281,0
DA:1284,0
DA:1293,6
DA:1299,6
DA:1302,6
DA:1309,6
DA:1311,6
DA:1314,6
DA:1315,6
DA:1316,0
DA:1317,6
DA:1320,6
DA:1321,0
DA:1322,0
DA:1324,0
DA:1326,0
DA:1327,0
DA:1328,0
DA:1329,0
DA:1330,0
DA:1336,12
DA:1337,12
DA:1338,12
DA:1340,0
DA:1342,6
DA:1343,1
DA:1344,0
DA:1345,0
DA:1351,18
DA:1352,18
DA:1354,0
DA:1356,6
DA:1357,0
DA:1358,0
DA:1359,0
DA:1364,6
DA:1365,12
DA:1370,0
DA:1386,8
DA:1392,8
DA:1395,14
DA:1398,32
DA:1401,16
DA:1404,8
DA:1408,7
DA:1417,7
DA:1418,14
DA:1419,7
DA:1421,7
DA:1422,7
DA:1426,0
DA:1427,7
DA:1431,0
DA:1432,0
DA:1435,7
DA:1436,7
DA:1437,7
DA:1438,7
DA:1439,0
DA:1440,7
DA:1441,7
DA:1442,7
DA:1443,14
DA:1446,7
DA:1447,7
DA:1449,0
DA:1451,7
DA:1456,0
DA:1457,0
DA:1464,0
DA:1465,0
DA:1467,0
DA:1468,0
DA:1469,0
DA:1473,0
DA:1474,0
DA:1475,0
DA:1477,0
DA:1478,0
DA:1479,0
DA:1480,0
DA:1481,0
DA:1483,0
DA:1484,0
DA:1490,0
DA:1491,0
DA:1495,0
DA:1496,0
DA:1499,0
DA:1501,0
DA:1502,0
DA:1503,0
DA:1517,3
DA:1522,3
DA:1523,9
DA:1539,2
DA:1544,2
DA:1545,6
DA:1565,11
DA:1570,11
DA:1571,2
DA:1572,1
DA:1574,3
DA:1575,4
DA:1578,11
DA:1600,6
DA:1606,6
DA:1627,5
DA:1634,5
DA:1637,0
DA:1638,0
DA:1639,0
DA:1641,0
DA:1642,0
DA:1646,0
DA:1670,0
DA:1676,0
DA:1687,0
DA:1688,0
DA:1695,7
LF:464
LH:320
end_of_record
TN:
SF:lib/src/vrouter/vrouter_data.dart
FNF:0
FNH:0
DA:4,12
DA:5,12
LF:2
LH:2
end_of_record
TN:
SF:lib/src/vwidget_guard.dart
FNF:0
FNH:0
DA:129,1
DA:138,1
DA:140,1
DA:141,1
DA:145,1
DA:147,3
DA:148,2
DA:149,1
DA:150,3
DA:151,3
DA:152,7
DA:159,0
DA:161,0
DA:162,0
DA:163,0
DA:166,1
DA:168,2
DA:179,1
DA:187,1
LF:19
LH:15
end_of_record
