TN:
SF:lib/src/exceptions.dart
FNF:0
FNH:0
DA:7,0
DA:9,0
DA:11,0
LF:3
LH:0
end_of_record
TN:
SF:lib/src/navigation_2_helpers.dart
FNF:0
FNH:0
DA:12,0
DA:38,0
DA:40,0
DA:42,0
DA:43,0
DA:44,0
DA:45,0
DA:46,0
DA:47,0
DA:48,0
DA:49,0
DA:50,0
DA:51,0
DA:52,0
DA:53,0
DA:54,0
DA:55,0
DA:56,0
DA:57,0
DA:58,0
DA:59,0
DA:60,0
DA:61,0
DA:62,0
DA:63,0
DA:64,0
DA:65,0
DA:66,0
DA:67,0
DA:427,10
DA:435,10
DA:437,10
DA:439,10
DA:440,10
DA:441,10
DA:442,10
DA:443,10
DA:444,10
DA:445,10
DA:446,10
DA:463,10
DA:470,0
DA:472,10
DA:474,10
DA:475,10
DA:476,10
DA:477,10
DA:478,10
DA:479,10
DA:482,0
DA:483,0
DA:486,0
DA:487,0
DA:492,0
DA:495,0
DA:496,0
DA:497,0
LF:57
LH:19
end_of_record
TN:
SF:lib/src/navigation_guard.dart
FNF:0
FNH:0
DA:122,0
DA:131,0
DA:133,0
DA:134,0
DA:138,0
DA:140,0
DA:141,0
DA:142,0
DA:143,0
DA:144,0
DA:145,0
DA:152,0
DA:154,0
DA:155,0
DA:156,0
DA:159,0
DA:161,0
DA:172,0
DA:181,0
LF:19
LH:0
end_of_record
TN:
SF:lib/src/page.dart
FNF:0
FNH:0
DA:48,0
DA:57,0
DA:59,9
DA:69,9
DA:70,0
DA:78,9
DA:128,9
DA:135,9
DA:137,9
DA:140,9
DA:141,0
DA:143,0
DA:145,0
DA:150,0
DA:151,0
DA:156,9
DA:200,0
DA:207,0
DA:209,0
DA:212,0
DA:213,0
DA:215,0
DA:217,0
DA:222,0
DA:223,0
DA:228,0
DA:241,0
DA:246,0
DA:248,0
DA:249,0
DA:250,0
DA:253,0
DA:255,0
DA:256,0
DA:258,0
DA:259,0
DA:261,0
DA:262,0
DA:264,0
DA:267,0
DA:268,0
DA:270,0
DA:273,0
DA:274,0
DA:275,0
DA:276,0
DA:279,0
DA:285,0
DA:288,0
DA:291,0
LF:50
LH:8
end_of_record
TN:
SF:lib/src/redirector.dart
FNF:0
FNH:0
DA:11,10
DA:25,18
DA:66,4
DA:67,4
DA:70,4
DA:76,1
DA:81,1
DA:82,5
DA:89,1
DA:95,1
DA:96,5
DA:105,1
DA:110,1
DA:111,5
DA:120,0
DA:126,0
DA:127,0
DA:138,0
DA:139,0
DA:140,0
DA:141,0
DA:147,1
DA:151,1
DA:152,2
DA:153,4
DA:159,1
DA:163,1
DA:164,2
DA:165,4
LF:29
LH:22
end_of_record
TN:
SF:lib/src/route.dart
FNF:0
FNH:0
DA:23,10
LF:1
LH:1
end_of_record
TN:
SF:lib/src/vroute_elements/vguard.dart
FNF:0
FNH:0
DA:92,2
LF:1
LH:1
end_of_record
TN:
SF:lib/src/vroute_elements/vnester.dart
FNF:0
FNH:0
DA:4,2
DA:16,2
DA:18,2
DA:19,1
LF:4
LH:4
end_of_record
TN:
SF:lib/src/vroute_elements/vnester_page.dart
FNF:0
FNH:0
DA:8,3
DA:17,3
DA:19,3
DA:20,3
DA:21,3
DA:23,6
DA:39,2
DA:51,2
DA:52,2
DA:54,2
DA:55,2
DA:56,2
DA:59,2
DA:61,2
DA:67,0
DA:70,7
DA:71,1
DA:72,1
DA:74,2
DA:75,2
DA:76,2
DA:79,1
DA:81,1
DA:86,0
DA:98,2
DA:100,2
DA:101,0
DA:105,2
DA:106,2
DA:109,2
DA:111,2
DA:112,2
DA:113,4
DA:114,2
DA:115,2
DA:116,2
DA:117,4
DA:118,2
DA:119,0
DA:120,0
DA:122,2
DA:123,4
DA:125,6
DA:126,1
DA:127,2
DA:128,2
DA:129,2
DA:135,0
DA:136,0
DA:137,0
DA:138,0
DA:149,2
DA:153,2
DA:154,6
DA:159,1
DA:160,1
DA:161,1
DA:163,1
DA:165,1
DA:166,1
DA:169,1
DA:171,1
DA:172,1
DA:173,1
DA:174,1
DA:175,1
DA:176,1
DA:177,1
DA:178,2
DA:180,3
DA:181,0
DA:182,0
DA:183,0
DA:184,0
DA:188,0
DA:189,0
DA:190,0
DA:191,0
DA:202,1
DA:205,2
DA:206,2
DA:207,1
DA:212,1
DA:223,1
DA:224,1
DA:227,1
DA:228,2
DA:230,1
DA:231,1
DA:234,2
DA:235,1
DA:238,0
DA:239,0
DA:247,1
DA:248,0
DA:251,0
DA:252,0
DA:259,4
DA:261,2
DA:263,2
DA:264,2
DA:267,1
DA:268,1
DA:269,1
DA:273,2
DA:274,1
DA:277,1
DA:278,1
DA:286,1
DA:287,0
DA:290,0
DA:291,0
DA:300,2
DA:303,1
DA:304,0
DA:306,3
DA:307,1
DA:308,2
DA:309,1
DA:318,3
DA:324,3
DA:325,0
DA:329,3
DA:331,3
DA:332,3
DA:336,6
DA:341,4
DA:342,1
DA:348,2
DA:353,6
DA:354,3
DA:360,3
DA:362,3
DA:364,9
DA:365,6
DA:372,3
DA:373,1
DA:375,2
DA:376,2
DA:383,1
DA:384,0
DA:390,0
DA:395,2
DA:396,1
DA:402,1
DA:404,1
DA:406,2
LF:147
LH:118
end_of_record
TN:
SF:lib/src/vroute_elements/vpage.dart
FNF:0
FNH:0
DA:7,12
DA:15,12
DA:24,10
DA:31,20
DA:32,10
DA:33,10
DA:38,0
DA:39,0
DA:40,0
DA:41,0
DA:43,0
DA:50,10
DA:51,10
DA:52,10
DA:54,10
DA:55,10
LF:16
LH:11
end_of_record
TN:
SF:lib/src/vroute_elements/vpop_handler.dart
FNF:0
FNH:0
DA:6,2
LF:1
LH:1
end_of_record
TN:
SF:lib/src/vroute_elements/vroute_element_base.dart
FNF:0
FNH:0
DA:19,5
DA:26,10
DA:27,5
DA:47,11
DA:53,22
DA:54,11
DA:81,11
DA:97,19
DA:117,8
DA:133,11
DA:146,19
DA:166,7
DA:184,4
DA:189,10
DA:193,10
DA:197,9
DA:204,10
DA:208,10
DA:212,7
DA:216,4
DA:228,8
DA:249,10
DA:256,30
DA:258,30
DA:260,30
DA:278,10
DA:286,7
DA:287,7
DA:288,8
DA:290,7
DA:295,1
DA:299,2
DA:304,1
DA:305,0
DA:306,0
DA:313,1
DA:314,1
DA:315,1
LF:38
LH:36
end_of_record
TN:
SF:lib/src/vroute_elements/vroute_element_with_page.dart
FNF:0
FNH:0
DA:14,12
DA:21,12
DA:35,10
DA:40,10
DA:45,10
DA:46,10
DA:47,10
DA:48,10
DA:49,10
DA:51,10
DA:52,10
DA:54,10
DA:55,10
DA:56,10
DA:57,10
LF:15
LH:15
end_of_record
TN:
SF:lib/src/vroute_elements/vroute_element_with_path.dart
FNF:0
FNH:0
DA:50,12
DA:56,12
DA:57,27
DA:58,12
DA:59,30
DA:61,12
DA:62,52
DA:63,24
DA:66,39
DA:67,6
DA:68,9
DA:69,9
DA:104,10
DA:113,10
DA:118,10
DA:119,10
DA:121,10
DA:122,10
DA:123,10
DA:126,10
DA:128,10
DA:129,0
DA:132,10
DA:133,10
DA:135,10
DA:137,10
DA:138,10
DA:139,30
DA:144,31
DA:145,1
DA:146,1
DA:147,1
DA:149,2
DA:150,2
DA:151,2
DA:155,1
DA:157,1
DA:158,1
DA:161,0
DA:162,0
DA:164,0
DA:166,0
DA:167,0
DA:168,0
DA:176,10
DA:179,0
DA:186,28
DA:187,1
DA:190,1
DA:202,10
DA:207,20
DA:208,10
DA:210,10
DA:211,10
DA:221,10
DA:226,30
DA:227,10
DA:228,10
DA:229,10
DA:230,10
DA:231,10
DA:245,10
DA:260,4
DA:262,0
DA:263,10
DA:265,10
DA:266,20
DA:267,20
DA:271,2
DA:272,4
DA:273,0
DA:274,2
DA:275,2
DA:276,2
DA:278,2
DA:282,0
DA:284,1
DA:288,10
DA:289,2
DA:291,10
DA:302,5
DA:313,5
DA:314,5
DA:319,5
DA:320,10
DA:322,15
DA:323,5
DA:324,2
DA:325,14
DA:327,10
DA:328,5
DA:331,0
DA:332,0
DA:341,16
DA:343,2
DA:345,2
DA:346,2
DA:349,1
DA:350,3
DA:351,1
DA:352,0
DA:353,5
DA:355,1
DA:356,0
DA:359,0
DA:360,0
DA:369,10
DA:372,4
DA:373,0
DA:375,4
DA:376,1
DA:377,2
DA:378,1
DA:402,9
DA:410,19
DA:414,36
DA:419,0
DA:420,9
DA:421,0
DA:424,0
DA:427,6
DA:430,0
DA:433,8
DA:439,8
DA:440,8
DA:444,8
DA:446,8
DA:447,8
DA:451,16
DA:455,16
DA:456,8
DA:462,24
DA:463,16
DA:469,6
DA:470,1
DA:472,2
DA:473,2
DA:480,2
DA:481,1
DA:487,2
DA:503,10
LF:141
LH:119
end_of_record
TN:
SF:lib/src/vroute_elements/vroute_element_without_page.dart
FNF:0
FNH:0
DA:7,12
DA:14,24
DA:15,12
DA:21,12
DA:22,12
DA:23,12
DA:24,12
DA:25,12
DA:26,12
DA:27,12
DA:29,36
LF:11
LH:11
end_of_record
TN:
SF:lib/src/vroute_elements/vroute_redirector.dart
FNF:0
FNH:0
DA:6,1
DA:9,1
DA:11,1
DA:12,1
DA:14,1
DA:16,1
DA:17,2
LF:7
LH:7
end_of_record
TN:
SF:lib/src/vroute_elements/vwidget.dart
FNF:0
FNH:0
DA:5,11
DA:15,11
DA:16,18
DA:17,9
LF:4
LH:4
end_of_record
TN:
SF:lib/src/vrouter/local_vrouter_data.dart
FNF:0
FNH:0
DA:7,10
DA:19,10
DA:24,9
DA:26,27
DA:27,0
DA:28,0
DA:29,0
DA:30,0
DA:80,7
DA:85,21
DA:103,2
DA:109,6
DA:129,0
DA:134,0
DA:153,0
DA:159,0
DA:168,0
DA:169,0
DA:181,4
DA:186,12
DA:187,8
DA:203,1
DA:208,3
DA:209,2
DA:216,0
DA:217,0
DA:219,0
DA:221,0
DA:223,0
LF:29
LH:14
end_of_record
TN:
SF:lib/src/vrouter/root_vrouter_data.dart
FNF:0
FNH:0
DA:6,10
DA:16,10
DA:21,10
DA:23,30
DA:24,0
DA:25,0
DA:26,0
DA:27,0
DA:77,7
DA:82,14
DA:100,3
DA:106,6
DA:126,1
DA:131,2
DA:150,0
DA:156,0
DA:165,0
DA:166,0
DA:178,5
DA:184,10
DA:201,2
DA:207,4
DA:215,0
DA:216,0
DA:218,7
DA:220,7
DA:222,0
LF:27
LH:16
end_of_record
TN:
SF:lib/src/vrouter/vrouter.dart
FNF:0
FNH:0
DA:4,12
DA:131,12
DA:168,12
DA:170,10
DA:171,10
DA:503,7
DA:504,7
DA:506,0
DA:514,12
DA:515,12
DA:565,20
DA:566,10
DA:567,10
DA:568,20
DA:569,20
DA:577,10
DA:578,10
DA:579,10
DA:596,10
DA:599,10
DA:602,30
DA:603,0
DA:605,10
DA:609,30
DA:610,6
DA:611,6
DA:619,0
DA:622,10
DA:625,10
DA:627,10
DA:628,10
DA:629,20
DA:632,0
DA:633,0
DA:634,10
DA:639,10
DA:641,0
DA:645,30
DA:648,0
DA:651,20
DA:652,40
DA:658,20
DA:659,10
DA:662,20
DA:667,10
DA:668,30
DA:670,10
DA:671,10
DA:672,10
DA:673,20
DA:674,10
DA:675,20
DA:683,10
DA:684,0
DA:685,0
DA:686,0
DA:687,0
DA:688,0
DA:690,0
DA:691,0
DA:692,0
DA:693,0
DA:694,0
DA:698,10
DA:700,10
DA:701,10
DA:702,10
DA:703,10
DA:704,10
DA:705,10
DA:706,10
DA:707,10
DA:709,40
DA:711,10
DA:712,30
DA:713,20
DA:714,10
DA:715,20
DA:717,10
DA:718,20
DA:719,10
DA:720,0
DA:721,0
DA:724,0
DA:725,0
DA:730,20
DA:735,20
DA:736,20
DA:737,20
DA:738,20
DA:739,20
DA:740,20
DA:741,20
DA:742,20
DA:743,20
DA:744,20
DA:745,20
DA:746,20
DA:747,20
DA:748,20
DA:749,20
DA:750,20
DA:751,20
DA:752,20
DA:753,20
DA:754,20
DA:755,20
DA:762,10
DA:769,10
DA:772,20
DA:773,10
DA:776,10
DA:779,20
DA:782,10
DA:786,4
DA:794,8
DA:802,0
DA:803,0
DA:807,4
DA:808,6
DA:812,8
DA:815,4
DA:835,10
DA:845,0
DA:847,20
DA:850,10
DA:854,10
DA:857,10
DA:858,10
DA:859,20
DA:861,10
DA:862,10
DA:865,10
DA:866,0
DA:870,10
DA:871,0
DA:875,37
DA:885,0
DA:886,0
DA:887,0
DA:888,0
DA:889,0
DA:892,20
DA:893,10
DA:894,10
DA:897,10
DA:900,10
DA:904,0
DA:908,20
DA:910,10
DA:911,10
DA:912,30
DA:913,40
DA:915,10
DA:916,10
DA:917,20
DA:920,8
DA:921,8
DA:925,0
DA:926,10
DA:927,10
DA:928,20
DA:929,40
DA:930,10
DA:932,10
DA:935,10
DA:936,10
DA:937,0
DA:938,10
DA:939,10
DA:940,10
DA:941,0
DA:942,10
DA:945,10
DA:946,0
DA:947,0
DA:951,10
DA:952,10
DA:953,10
DA:955,10
DA:956,10
DA:957,10
DA:958,20
DA:959,10
DA:961,10
DA:962,10
DA:964,10
DA:965,10
DA:967,10
DA:971,10
DA:975,10
DA:977,9
DA:978,9
DA:979,0
DA:980,0
DA:981,0
DA:982,0
DA:984,0
DA:988,0
DA:989,0
DA:990,0
DA:991,0
DA:997,9
DA:998,17
DA:999,24
DA:1000,8
DA:1001,2
DA:1003,1
DA:1006,1
DA:1007,0
DA:1008,0
DA:1014,9
DA:1015,36
DA:1016,9
DA:1017,2
DA:1019,1
DA:1022,4
DA:1029,10
DA:1030,40
DA:1031,10
DA:1032,0
DA:1034,0
DA:1037,0
DA:1042,10
DA:1043,20
DA:1044,30
DA:1045,10
DA:1046,4
DA:1048,2
DA:1051,5
DA:1052,1
DA:1053,2
DA:1059,10
DA:1060,20
DA:1061,30
DA:1062,10
DA:1063,2
DA:1065,1
DA:1069,1
DA:1070,0
DA:1071,0
DA:1077,10
DA:1079,30
DA:1080,10
DA:1082,0
DA:1087,0
DA:1093,0
DA:1094,0
DA:1095,0
DA:1096,0
DA:1097,0
DA:1098,0
DA:1099,0
DA:1102,0
DA:1104,0
DA:1107,0
DA:1108,0
DA:1109,0
DA:1110,0
DA:1111,0
DA:1117,10
DA:1119,0
DA:1120,0
DA:1125,10
DA:1127,10
DA:1129,22
DA:1130,10
DA:1137,0
DA:1138,0
DA:1139,0
DA:1140,0
DA:1141,0
DA:1142,0
DA:1143,0
DA:1144,0
DA:1147,0
DA:1148,0
DA:1149,0
DA:1151,0
DA:1153,28
DA:1155,20
DA:1160,30
DA:1162,10
DA:1166,10
DA:1167,20
DA:1168,20
DA:1169,10
DA:1177,10
DA:1178,40
DA:1181,10
DA:1182,10
DA:1183,0
DA:1184,0
DA:1191,10
DA:1192,20
DA:1193,20
DA:1194,10
DA:1212,3
DA:1223,0
DA:1224,0
DA:1225,0
DA:1226,0
DA:1227,0
DA:1228,0
DA:1233,7
DA:1240,7
DA:1244,7
DA:1252,7
DA:1253,0
DA:1254,0
DA:1260,21
DA:1261,21
DA:1262,7
DA:1268,24
DA:1269,6
DA:1274,6
DA:1275,12
DA:1280,0
DA:1285,4
DA:1291,4
DA:1294,4
DA:1302,4
DA:1303,0
DA:1304,0
DA:1310,12
DA:1311,12
DA:1312,4
DA:1318,12
DA:1319,3
DA:1324,6
DA:1353,7
DA:1359,7
DA:1364,7
DA:1365,7
DA:1366,7
DA:1368,14
DA:1372,7
DA:1374,7
DA:1375,14
DA:1376,7
DA:1378,7
DA:1379,7
DA:1384,7
DA:1389,7
DA:1390,7
DA:1391,7
DA:1393,7
DA:1394,7
DA:1395,7
DA:1396,14
DA:1399,7
DA:1400,7
DA:1402,0
DA:1407,0
DA:1408,0
DA:1415,0
DA:1416,0
DA:1418,0
DA:1420,0
DA:1421,0
DA:1422,0
DA:1426,0
DA:1427,0
DA:1428,0
DA:1430,0
DA:1431,0
DA:1432,0
DA:1433,0
DA:1434,0
DA:1436,0
DA:1437,0
DA:1443,0
DA:1444,0
DA:1445,0
DA:1449,0
DA:1450,0
DA:1454,0
DA:1456,0
DA:1458,0
DA:1459,0
DA:1460,0
DA:1466,2
DA:1471,2
DA:1472,6
DA:1480,2
DA:1485,2
DA:1486,6
DA:1494,9
DA:1499,9
DA:1500,0
DA:1501,0
DA:1504,0
DA:1505,0
DA:1508,9
DA:1516,4
DA:1522,4
DA:1525,4
DA:1529,2
DA:1536,2
DA:1539,0
DA:1540,0
DA:1541,0
DA:1544,0
DA:1545,0
DA:1549,0
DA:1558,0
DA:1564,0
DA:1572,0
DA:1573,0
LF:409
LH:270
end_of_record
